2023-04-12T18:31:09.090+03:00  INFO 22156 --- [restartedMain] r.z.w.WarehouseAppApplication            : Starting WarehouseAppApplication using Java 17.0.3 with PID 22156 (C:\Users\zhurk\idea_projects\warehouse-app\target\classes started by zhurk in C:\Users\zhurk\idea_projects\warehouse-app)
2023-04-12T18:31:09.094+03:00  INFO 22156 --- [restartedMain] r.z.w.WarehouseAppApplication            : No active profile set, falling back to 1 default profile: "default"
2023-04-12T18:31:09.173+03:00  INFO 22156 --- [restartedMain] .e.DevToolsPropertyDefaultsPostProcessor : Devtools property defaults active! Set 'spring.devtools.add-properties' to 'false' to disable
2023-04-12T18:31:11.143+03:00  INFO 22156 --- [restartedMain] .s.d.r.c.RepositoryConfigurationDelegate : Bootstrapping Spring Data JDBC repositories in DEFAULT mode.
2023-04-12T18:31:11.457+03:00  INFO 22156 --- [restartedMain] .s.d.r.c.RepositoryConfigurationDelegate : Finished Spring Data repository scanning in 57 ms. Found 0 JDBC repository interfaces.
2023-04-12T18:31:12.438+03:00  INFO 22156 --- [restartedMain] o.s.b.w.embedded.tomcat.TomcatWebServer  : Tomcat initialized with port(s): 8090 (http)
2023-04-12T18:31:12.456+03:00  INFO 22156 --- [restartedMain] o.apache.catalina.core.StandardService   : Starting service [Tomcat]
2023-04-12T18:31:12.457+03:00  INFO 22156 --- [restartedMain] o.apache.catalina.core.StandardEngine    : Starting Servlet engine: [Apache Tomcat/10.1.7]
2023-04-12T18:31:12.549+03:00  INFO 22156 --- [restartedMain] o.a.c.c.C.[Tomcat].[localhost].[/]       : Initializing Spring embedded WebApplicationContext
2023-04-12T18:31:12.550+03:00  INFO 22156 --- [restartedMain] w.s.c.ServletWebServerApplicationContext : Root WebApplicationContext: initialization completed in 3375 ms
2023-04-12T18:31:12.621+03:00 DEBUG 22156 --- [restartedMain] o.s.w.f.CommonsRequestLoggingFilter      : Filter 'getRequestLoggingFilter' configured for use
2023-04-12T18:31:13.968+03:00  INFO 22156 --- [restartedMain] o.s.b.d.a.OptionalLiveReloadServer       : LiveReload server is running on port 35729
2023-04-12T18:31:14.019+03:00  INFO 22156 --- [restartedMain] o.s.b.w.embedded.tomcat.TomcatWebServer  : Tomcat started on port(s): 8090 (http) with context path ''
2023-04-12T18:31:14.034+03:00  INFO 22156 --- [restartedMain] r.z.w.WarehouseAppApplication            : Started WarehouseAppApplication in 5.932 seconds (process running for 11.085)
2023-04-12T18:32:04.702+03:00  INFO 22056 --- [restartedMain] r.z.w.WarehouseAppApplication            : Starting WarehouseAppApplication using Java 17.0.3 with PID 22056 (C:\Users\zhurk\idea_projects\warehouse-app\target\classes started by zhurk in C:\Users\zhurk\idea_projects\warehouse-app)
2023-04-12T18:32:04.706+03:00  INFO 22056 --- [restartedMain] r.z.w.WarehouseAppApplication            : No active profile set, falling back to 1 default profile: "default"
2023-04-12T18:32:04.777+03:00  INFO 22056 --- [restartedMain] .e.DevToolsPropertyDefaultsPostProcessor : Devtools property defaults active! Set 'spring.devtools.add-properties' to 'false' to disable
2023-04-12T18:32:05.740+03:00  INFO 22056 --- [restartedMain] .s.d.r.c.RepositoryConfigurationDelegate : Bootstrapping Spring Data JDBC repositories in DEFAULT mode.
2023-04-12T18:32:05.769+03:00  INFO 22056 --- [restartedMain] .s.d.r.c.RepositoryConfigurationDelegate : Finished Spring Data repository scanning in 20 ms. Found 0 JDBC repository interfaces.
2023-04-12T18:32:06.641+03:00  INFO 22056 --- [restartedMain] o.s.b.w.embedded.tomcat.TomcatWebServer  : Tomcat initialized with port(s): 8090 (http)
2023-04-12T18:32:06.658+03:00  INFO 22056 --- [restartedMain] o.apache.catalina.core.StandardService   : Starting service [Tomcat]
2023-04-12T18:32:06.658+03:00  INFO 22056 --- [restartedMain] o.apache.catalina.core.StandardEngine    : Starting Servlet engine: [Apache Tomcat/10.1.7]
2023-04-12T18:32:06.742+03:00  INFO 22056 --- [restartedMain] o.a.c.c.C.[Tomcat].[localhost].[/]       : Initializing Spring embedded WebApplicationContext
2023-04-12T18:32:06.743+03:00  INFO 22056 --- [restartedMain] w.s.c.ServletWebServerApplicationContext : Root WebApplicationContext: initialization completed in 1964 ms
2023-04-12T18:32:06.813+03:00 DEBUG 22056 --- [restartedMain] o.s.w.f.CommonsRequestLoggingFilter      : Filter 'getRequestLoggingFilter' configured for use
2023-04-12T18:32:08.076+03:00  INFO 22056 --- [restartedMain] o.s.b.d.a.OptionalLiveReloadServer       : LiveReload server is running on port 35729
2023-04-12T18:32:08.130+03:00  INFO 22056 --- [restartedMain] o.s.b.w.embedded.tomcat.TomcatWebServer  : Tomcat started on port(s): 8090 (http) with context path ''
2023-04-12T18:32:08.144+03:00  INFO 22056 --- [restartedMain] r.z.w.WarehouseAppApplication            : Started WarehouseAppApplication in 4.219 seconds (process running for 5.444)
2023-04-12T18:32:46.234+03:00  INFO 22056 --- [http-nio-8090-exec-1] o.a.c.c.C.[Tomcat].[localhost].[/]       : Initializing Spring DispatcherServlet 'dispatcherServlet'
2023-04-12T18:32:46.235+03:00  INFO 22056 --- [http-nio-8090-exec-1] o.s.web.servlet.DispatcherServlet        : Initializing Servlet 'dispatcherServlet'
2023-04-12T18:32:46.240+03:00  INFO 22056 --- [http-nio-8090-exec-1] o.s.web.servlet.DispatcherServlet        : Completed initialization in 2 ms
2023-04-12T18:32:46.395+03:00 DEBUG 22056 --- [http-nio-8090-exec-1] o.s.w.f.CommonsRequestLoggingFilter      : Before request [GET /api/v1/users, client=0:0:0:0:0:0:0:1, headers=[host:"localhost:8090", connection:"keep-alive", sec-ch-ua:""Chromium";v="110", "Not A(Brand";v="24"", sec-ch-ua-mobile:"?0", sec-ch-ua-platform:""Windows"", upgrade-insecure-requests:"1", user-agent:"Mozilla/5.0 (Windows NT 10.0; Win64; x64) AppleWebKit/537.36 (KHTML, like Gecko) Chrome/110.0.0.0 Safari/537.36", accept:"text/html,application/xhtml+xml,application/xml;q=0.9,image/avif,image/webp,image/apng,*/*;q=0.8,application/signed-exchange;v=b3;q=0.7", sec-fetch-site:"none", sec-fetch-mode:"navigate", sec-fetch-user:"?1", sec-fetch-dest:"document", accept-encoding:"gzip, deflate, br", accept-language:"ru-RU,ru;q=0.9,en-US;q=0.8,en;q=0.7", cookie:"JSESSIONID=11601EE14203CCD1730CE310368CD28E"]]
2023-04-12T18:32:46.507+03:00 DEBUG 22056 --- [http-nio-8090-exec-1] o.s.w.f.CommonsRequestLoggingFilter      : After request [GET /api/v1/users, client=0:0:0:0:0:0:0:1, headers=[host:"localhost:8090", connection:"keep-alive", sec-ch-ua:""Chromium";v="110", "Not A(Brand";v="24"", sec-ch-ua-mobile:"?0", sec-ch-ua-platform:""Windows"", upgrade-insecure-requests:"1", user-agent:"Mozilla/5.0 (Windows NT 10.0; Win64; x64) AppleWebKit/537.36 (KHTML, like Gecko) Chrome/110.0.0.0 Safari/537.36", accept:"text/html,application/xhtml+xml,application/xml;q=0.9,image/avif,image/webp,image/apng,*/*;q=0.8,application/signed-exchange;v=b3;q=0.7", sec-fetch-site:"none", sec-fetch-mode:"navigate", sec-fetch-user:"?1", sec-fetch-dest:"document", accept-encoding:"gzip, deflate, br", accept-language:"ru-RU,ru;q=0.9,en-US;q=0.8,en;q=0.7", cookie:"JSESSIONID=11601EE14203CCD1730CE310368CD28E"]]
